<?xml version="1.0" encoding="UTF-8"?>
<testsuite name="bearmug.lambda.PingServiceTest" tests="1" skipped="0" failures="0" errors="0" timestamp="2019-11-16T12:51:51" hostname="ubuntu" time="0.207">
  <properties/>
  <testcase name="Then: response is the pong" classname="bearmug.lambda.PingServiceTest" time="0.207"/>
  <system-out><![CDATA[]]></system-out>
  <system-err><![CDATA[]]></system-err>
</testsuite>
